objc[938]: Class CDPKeychainItemDescriptor is implemented in both /Applications/Xcode.app/Contents/Developer/Platforms/iPhoneOS.platform/Library/Developer/CoreSimulator/Profiles/Runtimes/iOS.simruntime/Contents/Resources/RuntimeRoot/System/Library/PrivateFrameworks/CoreCDPInternal.framework/CoreCDPInternal (0x161589d28) and /Applications/Xcode.app/Contents/Developer/Platforms/iPhoneOS.platform/Library/Developer/CoreSimulator/Profiles/Runtimes/iOS.simruntime/Contents/Resources/RuntimeRoot/System/Library/PrivateFrameworks/CoreCDP.framework/CoreCDP (0x15764dd28). One of the two will be used. Which one is undefined.
objc[938]: Class CDPCAWalrusReporter is implemented in both /Applications/Xcode.app/Contents/Developer/Platforms/iPhoneOS.platform/Library/Developer/CoreSimulator/Profiles/Runtimes/iOS.simruntime/Contents/Resources/RuntimeRoot/System/Library/PrivateFrameworks/CoreCDPInternal.framework/CoreCDPInternal (0x16158a598) and /Applications/Xcode.app/Contents/Developer/Platforms/iPhoneOS.platform/Library/Developer/CoreSimulator/Profiles/Runtimes/iOS.simruntime/Contents/Resources/RuntimeRoot/System/Library/PrivateFrameworks/CoreCDP.framework/CoreCDP (0x15764df08). One of the two will be used. Which one is undefined.
objc[938]: Class CDPCAReporter is implemented in both /Applications/Xcode.app/Contents/Developer/Platforms/iPhoneOS.platform/Library/Developer/CoreSimulator/Profiles/Runtimes/iOS.simruntime/Contents/Resources/RuntimeRoot/System/Library/PrivateFrameworks/CoreCDPInternal.framework/CoreCDPInternal (0x16158a368) and /Applications/Xcode.app/Contents/Developer/Platforms/iPhoneOS.platform/Library/Developer/CoreSimulator/Profiles/Runtimes/iOS.simruntime/Contents/Resources/RuntimeRoot/System/Library/PrivateFrameworks/CoreCDP.framework/CoreCDP (0x15764e138). One of the two will be used. Which one is undefined.
objc[938]: Class CDPRecoveryKeyCache is implemented in both /Applications/Xcode.app/Contents/Developer/Platforms/iPhoneOS.platform/Library/Developer/CoreSimulator/Profiles/Runtimes/iOS.simruntime/Contents/Resources/RuntimeRoot/System/Library/PrivateFrameworks/CoreCDPInternal.framework/CoreCDPInternal (0x16158a098) and /Applications/Xcode.app/Contents/Developer/Platforms/iPhoneOS.platform/Library/Developer/CoreSimulator/Profiles/Runtimes/iOS.simruntime/Contents/Resources/RuntimeRoot/System/Library/PrivateFrameworks/CoreCDP.framework/CoreCDP (0x15764e1d8). One of the two will be used. Which one is undefined.
objc[938]: Class CDPCABackupRecoveryReporter is implemented in both /Applications/Xcode.app/Contents/Developer/Platforms/iPhoneOS.platform/Library/Developer/CoreSimulator/Profiles/Runtimes/iOS.simruntime/Contents/Resources/RuntimeRoot/System/Library/PrivateFrameworks/CoreCDPInternal.framework/CoreCDPInternal (0x16158b268) and /Applications/Xcode.app/Contents/Developer/Platforms/iPhoneOS.platform/Library/Developer/CoreSimulator/Profiles/Runtimes/iOS.simruntime/Contents/Resources/RuntimeRoot/System/Library/PrivateFrameworks/CoreCDP.framework/CoreCDP (0x15764e3b8). One of the two will be used. Which one is undefined.
2024-03-28 14:25:56.279974-0700 Marathon[938:9198] SecTaskLoadEntitlements failed error=22 cs_flags=200, pid=938
2024-03-28 14:25:56.280217-0700 Marathon[938:9198] SecTaskCopyDebugDescription: Marathon[938]/0#-1 LF=0
2024-03-28 14:25:56.316671-0700 Marathon[938:9198] SecTaskLoadEntitlements failed error=22 cs_flags=200, pid=938
2024-03-28 14:25:56.316888-0700 Marathon[938:9198] SecTaskCopyDebugDescription: Marathon[938]/0#-1 LF=0
2024-03-28 14:25:57.057925-0700 Marathon[938:9579] SecTaskLoadEntitlements failed error=22 cs_flags=200, pid=938
2024-03-28 14:25:57.058181-0700 Marathon[938:9579] SecTaskCopyDebugDescription: Marathon[938]/0#-1 LF=0
2024-03-28 14:25:57.250600-0700 Marathon[938:9198] [TableView] Warning once only: UITableView was told to layout its visible cells and other contents without being in the view hierarchy (the table view or one of its superviews has not been added to a window). This may cause bugs by forcing views inside the table view to load and perform layout without accurate information (e.g. table view bounds, trait collection, layout margins, safe area insets, etc), and will also cause unnecessary performance overhead due to extra layout passes. Make a symbolic breakpoint at UITableViewAlertForLayoutOutsideViewHierarchy to catch this in the debugger and see what caused this to occur, so you can avoid this action altogether if possible, or defer it until the table view has been added to a window. Table view: <_UIMoreListTableView: 0x7fa32fdb2c00; frame = (0 0; 0 0); clipsToBounds = YES; gestureRecognizers = <NSArray: 0x600002d20180>; backgroundColor = <UIDynamicSystemColor: 0x6000036f3280; name = tableBackgroundColor>; layer = <CALayer: 0x6000027c5b40>; contentOffset: {0, 0}; contentSize: {0, 0}; adjustedContentInset: {0, 0, 0, 0}; dataSource: <UIMoreListController: 0x7fa32db30790>>
2024-03-28 14:25:57.406897-0700 Marathon[938:9198] SecTaskLoadEntitlements failed error=22 cs_flags=200, pid=938
2024-03-28 14:25:57.407149-0700 Marathon[938:9198] SecTaskCopyDebugDescription: Marathon[938]/0#-1 LF=0
2024-03-28 14:25:57.487878-0700 Marathon[938:9576] [unspecified] container_query_get_single_result: error = 2→(98) NOT_CODESIGNED
2024-03-28 14:25:57.487999-0700 Marathon[938:9576] [unspecified] container_system_group_path_for_identifier: error = ((container_error_t)98) NOT_CODESIGNED
2024-03-28 14:25:57.541866-0700 Marathon[938:9576] SecTaskLoadEntitlements failed error=22 cs_flags=200, pid=938
2024-03-28 14:25:57.542067-0700 Marathon[938:9576] SecTaskCopyDebugDescription: Marathon[938]/0#-1 LF=0
2024-03-28 14:25:57.542311-0700 Marathon[938:9576] SecTaskLoadEntitlements failed error=22 cs_flags=200, pid=938
2024-03-28 14:25:57.542477-0700 Marathon[938:9576] SecTaskCopyDebugDescription: Marathon[938]/0#-1 LF=0
2024-03-28 14:25:58.821287-0700 Marathon[938:9545] Warning: observer object was not disposed manually with Dispose()
2024-03-28 14:25:58.821496-0700 Marathon[938:9545] Warning: observer object was not disposed manually with Dispose()
2024-03-28 14:26:05.117206-0700 Marathon[938:9198] [unspecified] container_query_get_single_result: error = 2→(98) NOT_CODESIGNED
2024-03-28 14:26:05.117337-0700 Marathon[938:9198] [unspecified] container_system_group_path_for_identifier: error = ((container_error_t)98) NOT_CODESIGNED
2024-03-28 14:26:05.117473-0700 Marathon[938:9198] [MC] Error getting system group container for systemgroup.com.apple.configurationprofiles: 98
2024-03-28 14:26:05.117651-0700 Marathon[938:9198] [MC] Failed to get profile system group container path. Overriding with expected path: /Users/student/Library/Developer/CoreSimulator/Devices/7683390C-D013-4072-A26A-17395FCE105C/data/Containers/Shared/SystemGroup/systemgroup.com.apple.configurationprofiles
